{"level":"info","message":"Server running ---- from server.ts","timestamp":"2025-09-24T07:55:18.630Z"}
{"level":"info","message":"Server running ---- from server.ts","timestamp":"2025-09-24T07:55:59.521Z"}
{"level":"info","message":"Controller: Get All Employees","timestamp":"2025-09-24T08:01:45.121Z"}
{"level":"error","message":"Error fetching employees: Database query failed : database \"RedAngleStudioDb\" does not exist","stack":"Error: Database query failed : database \"RedAngleStudioDb\" does not exist\n    at D:\\RedAngle\\red-angle-backend\\src\\helper\\db.ts:24:11\n    at Generator.throw (<anonymous>)\n    at rejected (D:\\RedAngle\\red-angle-backend\\src\\helper\\db.ts:6:65)\n    at processTicksAndRejections (node:internal/process/task_queues:95:5)","timestamp":"2025-09-24T08:01:45.566Z"}
{"level":"info","message":"Controller: Get All Employees","timestamp":"2025-09-24T08:01:45.607Z"}
{"level":"error","message":"Error fetching employees: Database query failed : database \"RedAngleStudioDb\" does not exist","stack":"Error: Database query failed : database \"RedAngleStudioDb\" does not exist\n    at D:\\RedAngle\\red-angle-backend\\src\\helper\\db.ts:24:11\n    at Generator.throw (<anonymous>)\n    at rejected (D:\\RedAngle\\red-angle-backend\\src\\helper\\db.ts:6:65)\n    at processTicksAndRejections (node:internal/process/task_queues:95:5)","timestamp":"2025-09-24T08:01:45.692Z"}
{"level":"info","message":"Server running ---- from server.ts","timestamp":"2025-09-24T08:02:18.522Z"}
{"level":"info","message":"Server running ---- from server.ts","timestamp":"2025-09-24T08:02:30.544Z"}
{"level":"info","message":"Controller: Get All Employees","timestamp":"2025-09-24T08:02:30.872Z"}
{"level":"info","message":"Fetched all employees: 0","timestamp":"2025-09-24T08:02:31.059Z"}
{"level":"info","message":"Controller: Add Employee","timestamp":"2025-09-24T08:02:56.530Z"}
{"level":"info","message":"Employee created: thirukumara12@gmail.com","timestamp":"2025-09-24T08:02:56.767Z"}
{"level":"info","message":"Credentials created for employee: thirukumara12@gmail.com","timestamp":"2025-09-24T08:02:56.774Z"}
{"level":"info","message":"Mail sending Log ","timestamp":"2025-09-24T08:02:56.775Z"}
{"level":"info","message":"Email sent to thirukumara12@gmail.com: true","timestamp":"2025-09-24T08:03:00.070Z"}
{"level":"info","message":"Controller: Get All Employees","timestamp":"2025-09-24T08:03:00.587Z"}
{"level":"info","message":"Fetched all employees: 1","timestamp":"2025-09-24T08:03:00.615Z"}
{"level":"info","message":"Controller: Get All Employees","timestamp":"2025-09-24T08:03:00.721Z"}
{"level":"info","message":"Fetched all employees: 1","timestamp":"2025-09-24T08:03:00.722Z"}
{"level":"info","message":"Controller: Login Cont","timestamp":"2025-09-24T08:03:36.600Z"}
{"level":"info","message":"Controller: Get All Leads","timestamp":"2025-09-24T08:03:37.199Z"}
{"level":"info","message":"Controller: Get All Leads","timestamp":"2025-09-24T08:03:37.212Z"}
{"level":"info","message":"Controller: Get All Leads","timestamp":"2025-09-24T08:03:46.949Z"}
{"level":"info","message":"Controller: Get All Leads","timestamp":"2025-09-24T08:03:46.963Z"}
{"level":"info","message":"Controller: Update Leads","timestamp":"2025-09-24T08:05:59.004Z"}
{"level":"info","message":"Controller: Get All Leads","timestamp":"2025-09-24T08:06:01.092Z"}
{"level":"info","message":"Controller: Get All Leads","timestamp":"2025-09-24T08:06:01.126Z"}
{"level":"info","message":"Controller: Get Attendance","timestamp":"2025-09-24T08:06:16.977Z"}
{"count":0,"level":"info","message":"Repository: Attendance fetched","timestamp":"2025-09-24T08:06:16.985Z"}
{"level":"info","message":"Controller: Punch In","timestamp":"2025-09-24T08:06:19.063Z"}
{"emp":1,"id":1,"level":"info","message":"Repository: Punch In recorded","timestamp":"2025-09-24T08:06:19.069Z"}
{"level":"info","message":"Controller: Get Attendance","timestamp":"2025-09-24T08:06:19.074Z"}
{"count":1,"level":"info","message":"Repository: Attendance fetched","timestamp":"2025-09-24T08:06:19.076Z"}
{"level":"info","message":"Controller: Punch Out","timestamp":"2025-09-24T08:06:22.826Z"}
{"emp":1,"id":1,"level":"info","message":"Repository: Punch Out recorded","timestamp":"2025-09-24T08:06:22.832Z"}
{"level":"info","message":"Controller: Get Attendance","timestamp":"2025-09-24T08:06:22.838Z"}
{"count":1,"level":"info","message":"Repository: Attendance fetched","timestamp":"2025-09-24T08:06:22.839Z"}
{"level":"info","message":"Controller: Punch In","timestamp":"2025-09-24T08:06:35.214Z"}
{"emp":1,"id":2,"level":"info","message":"Repository: Punch In recorded","timestamp":"2025-09-24T08:06:35.281Z"}
{"level":"info","message":"Controller: Get Attendance","timestamp":"2025-09-24T08:06:35.287Z"}
{"count":2,"level":"info","message":"Repository: Attendance fetched","timestamp":"2025-09-24T08:06:35.291Z"}
{"level":"info","message":"Controller: Punch Out","timestamp":"2025-09-24T08:06:51.912Z"}
{"emp":1,"id":2,"level":"info","message":"Repository: Punch Out recorded","timestamp":"2025-09-24T08:06:51.983Z"}
{"level":"info","message":"Controller: Get Attendance","timestamp":"2025-09-24T08:06:51.989Z"}
{"count":2,"level":"info","message":"Repository: Attendance fetched","timestamp":"2025-09-24T08:06:51.990Z"}
{"level":"info","message":"Server running ---- from server.ts","timestamp":"2025-09-24T08:08:31.765Z"}
{"level":"info","message":"Controller: Punch In","timestamp":"2025-09-24T08:08:31.948Z"}
{"emp":1,"id":3,"level":"info","message":"Repository: Punch In recorded","timestamp":"2025-09-24T08:08:32.054Z"}
{"level":"info","message":"Controller: Get Attendance","timestamp":"2025-09-24T08:08:32.063Z"}
{"count":3,"level":"info","message":"Repository: Attendance fetched","timestamp":"2025-09-24T08:08:32.068Z"}
{"level":"info","message":"Controller: Punch Out","timestamp":"2025-09-24T08:08:37.738Z"}
{"emp":1,"id":3,"level":"info","message":"Repository: Punch Out recorded","timestamp":"2025-09-24T08:08:37.751Z"}
{"level":"info","message":"Controller: Get Attendance","timestamp":"2025-09-24T08:08:37.759Z"}
{"count":3,"level":"info","message":"Repository: Attendance fetched","timestamp":"2025-09-24T08:08:37.761Z"}
{"level":"info","message":"Server running ---- from server.ts","timestamp":"2025-09-24T08:09:01.086Z"}
{"level":"info","message":"Controller: Punch In","timestamp":"2025-09-24T08:09:01.199Z"}
{"emp":1,"id":4,"level":"info","message":"Repository: Punch In recorded","timestamp":"2025-09-24T08:09:01.344Z"}
{"level":"info","message":"Controller: Get Attendance","timestamp":"2025-09-24T08:09:01.356Z"}
{"count":4,"level":"info","message":"Repository: Attendance fetched","timestamp":"2025-09-24T08:09:01.361Z"}
{"level":"info","message":"Controller: Punch Out","timestamp":"2025-09-24T08:09:02.553Z"}
{"emp":1,"id":4,"level":"info","message":"Repository: Punch Out recorded","timestamp":"2025-09-24T08:09:02.557Z"}
{"level":"info","message":"Controller: Get Attendance","timestamp":"2025-09-24T08:09:02.562Z"}
{"count":4,"level":"info","message":"Repository: Attendance fetched","timestamp":"2025-09-24T08:09:02.565Z"}
{"level":"info","message":"Controller: Get Attendance","timestamp":"2025-09-24T08:09:05.923Z"}
{"count":4,"level":"info","message":"Repository: Attendance fetched","timestamp":"2025-09-24T08:09:05.926Z"}
{"level":"info","message":"Controller: Get All Employees","timestamp":"2025-09-24T08:09:10.109Z"}
{"level":"info","message":"Fetched all employees: 1","timestamp":"2025-09-24T08:09:10.117Z"}
{"level":"info","message":"Controller: Get All Employees","timestamp":"2025-09-24T08:09:10.121Z"}
{"level":"info","message":"Fetched all employees: 1","timestamp":"2025-09-24T08:09:10.123Z"}
{"level":"info","message":"Controller: Get Attendance","timestamp":"2025-09-24T08:09:11.301Z"}
{"count":4,"level":"info","message":"Repository: Attendance fetched","timestamp":"2025-09-24T08:09:11.302Z"}
{"level":"info","message":"Controller: Get Attendance","timestamp":"2025-09-24T08:09:11.305Z"}
{"count":4,"level":"info","message":"Repository: Attendance fetched","timestamp":"2025-09-24T08:09:11.308Z"}
{"level":"info","message":"Controller: Get Attendance","timestamp":"2025-09-24T08:09:24.447Z"}
{"count":4,"level":"info","message":"Repository: Attendance fetched","timestamp":"2025-09-24T08:09:24.543Z"}
{"level":"info","message":"Controller: Get Attendance","timestamp":"2025-09-24T08:09:24.549Z"}
{"count":4,"level":"info","message":"Repository: Attendance fetched","timestamp":"2025-09-24T08:09:24.552Z"}
{"level":"info","message":"Server running ---- from server.ts","timestamp":"2025-09-24T10:33:31.247Z"}
{"level":"info","message":"Controller: Get Attendance","timestamp":"2025-09-24T10:33:31.490Z"}
{"count":4,"level":"info","message":"Repository: Attendance fetched","timestamp":"2025-09-24T10:33:31.626Z"}
{"level":"info","message":"Controller: Get All Leads","timestamp":"2025-09-24T10:35:20.574Z"}
{"level":"info","message":"Controller: Get All Leads","timestamp":"2025-09-24T10:35:20.699Z"}
{"level":"info","message":"Server running ---- from server.ts","timestamp":"2025-09-24T10:39:06.201Z"}
{"level":"info","message":"Server running ---- from server.ts","timestamp":"2025-09-24T10:39:15.474Z"}
{"level":"info","message":"Server running ---- from server.ts","timestamp":"2025-09-24T10:39:26.295Z"}
{"level":"info","message":"Server running ---- from server.ts","timestamp":"2025-09-24T10:39:36.832Z"}
{"level":"info","message":"Controller: Add New Lead","timestamp":"2025-09-24T10:43:38.398Z"}
{"level":"info","message":"Controller: Get All Leads","timestamp":"2025-09-24T10:43:40.695Z"}
{"level":"info","message":"Controller: Get All Leads","timestamp":"2025-09-24T10:43:40.749Z"}
