{"level":"info","message":"Server running ---- from server.ts","timestamp":"2025-09-20T06:11:30.107Z"}
{"level":"info","message":"Server running ---- from server.ts","timestamp":"2025-09-20T06:11:56.007Z"}
{"level":"info","message":"Server running ---- from server.ts","timestamp":"2025-09-20T06:12:11.320Z"}
{"level":"info","message":"Server running ---- from server.ts","timestamp":"2025-09-20T06:12:15.198Z"}
{"level":"info","message":"Server running ---- from server.ts","timestamp":"2025-09-20T06:12:19.963Z"}
{"level":"info","message":"Server running ---- from server.ts","timestamp":"2025-09-20T06:14:58.364Z"}
{"level":"info","message":"Server running ---- from server.ts","timestamp":"2025-09-20T06:15:20.879Z"}
{"level":"info","message":"Server running ---- from server.ts","timestamp":"2025-09-20T06:17:25.436Z"}
{"level":"info","message":"Server running ---- from server.ts","timestamp":"2025-09-20T06:19:24.472Z"}
{"level":"info","message":"Server running ---- from server.ts","timestamp":"2025-09-20T06:19:30.239Z"}
{"level":"info","message":"Server running ---- from server.ts","timestamp":"2025-09-20T06:19:35.659Z"}
{"level":"info","message":"Server running ---- from server.ts","timestamp":"2025-09-20T06:19:51.562Z"}
{"level":"info","message":"Server running ---- from server.ts","timestamp":"2025-09-20T06:19:57.559Z"}
{"level":"info","message":"Add Employee Controller =======> ","timestamp":"2025-09-20T06:26:58.611Z"}
{"level":"info","message":"Server running ---- from server.ts","timestamp":"2025-09-20T06:33:29.289Z"}
{"level":"info","message":"Server running ---- from server.ts","timestamp":"2025-09-20T06:43:46.697Z"}
{"level":"info","message":"Add Employee Controller =======> ","timestamp":"2025-09-20T06:43:50.714Z"}
{"level":"info","message":"Mail sending Log ","timestamp":"2025-09-20T06:43:50.964Z"}
{"level":"info","message":"Server running ---- from server.ts","timestamp":"2025-09-20T06:52:20.509Z"}
{"level":"info","message":"Server running ---- from server.ts","timestamp":"2025-09-20T06:52:29.736Z"}
{"level":"info","message":"Server running ---- from server.ts","timestamp":"2025-09-20T06:52:38.287Z"}
{"level":"info","message":"Controller: Add Employee","timestamp":"2025-09-20T07:00:44.816Z"}
{"level":"info","message":"Employee created: thiru1@gmail.com","timestamp":"2025-09-20T07:00:44.891Z"}
{"level":"info","message":"Credentials created for employee: thiru1@gmail.com","timestamp":"2025-09-20T07:00:44.893Z"}
{"level":"info","message":"Mail sending Log ","timestamp":"2025-09-20T07:00:44.893Z"}
{"level":"info","message":"Email sent to thiru1@gmail.com: true","timestamp":"2025-09-20T07:00:49.384Z"}
{"level":"info","message":"Server running ---- from server.ts","timestamp":"2025-09-20T08:47:47.312Z"}
{"level":"info","message":"Server running ---- from server.ts","timestamp":"2025-09-20T09:01:49.089Z"}
{"level":"info","message":"Controller: Get All Employees","timestamp":"2025-09-20T09:02:00.711Z"}
{"level":"info","message":"Fetched all employees: 3","timestamp":"2025-09-20T09:02:00.810Z"}
{"level":"info","message":"Controller: Get All Employees","timestamp":"2025-09-20T09:02:00.837Z"}
{"level":"info","message":"Fetched all employees: 3","timestamp":"2025-09-20T09:02:00.840Z"}
{"level":"info","message":"Controller: Get All Employees","timestamp":"2025-09-20T09:02:11.361Z"}
{"level":"info","message":"Fetched all employees: 3","timestamp":"2025-09-20T09:02:11.413Z"}
{"level":"info","message":"Controller: Get All Employees","timestamp":"2025-09-20T09:02:11.436Z"}
{"level":"info","message":"Fetched all employees: 3","timestamp":"2025-09-20T09:02:11.440Z"}
{"level":"info","message":"Controller: Get All Employees","timestamp":"2025-09-20T09:02:55.650Z"}
{"level":"info","message":"Fetched all employees: 3","timestamp":"2025-09-20T09:02:55.733Z"}
{"level":"info","message":"Controller: Get All Employees","timestamp":"2025-09-20T09:02:55.767Z"}
{"level":"info","message":"Fetched all employees: 3","timestamp":"2025-09-20T09:02:55.774Z"}
{"level":"info","message":"Controller: Get All Employees","timestamp":"2025-09-20T09:02:57.426Z"}
{"level":"info","message":"Fetched all employees: 3","timestamp":"2025-09-20T09:02:57.437Z"}
{"level":"info","message":"Controller: Get All Employees","timestamp":"2025-09-20T09:02:57.444Z"}
{"level":"info","message":"Fetched all employees: 3","timestamp":"2025-09-20T09:02:57.448Z"}
{"level":"info","message":"Controller: Get All Employees","timestamp":"2025-09-20T09:03:13.684Z"}
{"level":"info","message":"Fetched all employees: 3","timestamp":"2025-09-20T09:03:13.713Z"}
{"level":"info","message":"Controller: Get All Employees","timestamp":"2025-09-20T09:03:13.727Z"}
{"level":"info","message":"Fetched all employees: 3","timestamp":"2025-09-20T09:03:13.739Z"}
{"level":"info","message":"Controller: Get All Employees","timestamp":"2025-09-20T09:03:23.271Z"}
{"level":"info","message":"Fetched all employees: 3","timestamp":"2025-09-20T09:03:23.274Z"}
{"level":"info","message":"Controller: Get All Employees","timestamp":"2025-09-20T09:03:23.286Z"}
{"level":"info","message":"Fetched all employees: 3","timestamp":"2025-09-20T09:03:23.293Z"}
{"level":"info","message":"Server running ---- from server.ts","timestamp":"2025-09-20T09:32:25.268Z"}
{"level":"info","message":"Controller: Get All Employees","timestamp":"2025-09-20T09:32:30.588Z"}
{"level":"info","message":"Controller: Get All Employees","timestamp":"2025-09-20T09:32:30.601Z"}
{"level":"info","message":"Fetched all employees: 3","timestamp":"2025-09-20T09:32:30.697Z"}
{"level":"info","message":"Fetched all employees: 3","timestamp":"2025-09-20T09:32:30.718Z"}
{"level":"info","message":"Controller: Get All Employees","timestamp":"2025-09-20T09:35:41.250Z"}
{"level":"info","message":"Fetched all employees: 3","timestamp":"2025-09-20T09:35:41.269Z"}
{"level":"info","message":"Server running ---- from server.ts","timestamp":"2025-09-20T11:00:55.806Z"}
{"level":"info","message":"Server running ---- from server.ts","timestamp":"2025-09-20T11:05:43.005Z"}
{"level":"info","message":"Controller: Get All Employees","timestamp":"2025-09-20T11:09:40.754Z"}
{"level":"info","message":"Fetched all employees: 3","timestamp":"2025-09-20T11:09:40.866Z"}
{"level":"info","message":"Controller: Get All Employees","timestamp":"2025-09-20T11:09:40.945Z"}
{"level":"info","message":"Fetched all employees: 3","timestamp":"2025-09-20T11:09:40.953Z"}
{"level":"info","message":"Controller: Get All Employees","timestamp":"2025-09-20T11:10:10.714Z"}
{"level":"info","message":"Fetched all employees: 3","timestamp":"2025-09-20T11:10:10.745Z"}
{"level":"info","message":"Controller: Get All Employees","timestamp":"2025-09-20T11:10:10.759Z"}
{"level":"info","message":"Fetched all employees: 3","timestamp":"2025-09-20T11:10:10.768Z"}
{"level":"info","message":"Controller: Get All Employees","timestamp":"2025-09-20T11:10:13.611Z"}
{"level":"info","message":"Fetched all employees: 3","timestamp":"2025-09-20T11:10:13.615Z"}
{"level":"info","message":"Controller: Update Employee ID 2","timestamp":"2025-09-20T11:11:14.335Z"}
{"level":"error","message":"Error updating employee: Database query failed : invalid input syntax for type json","stack":"Error: Database query failed : invalid input syntax for type json\n    at /home/sudharshan/Desktop/RedAngleSoftware/red-angle-backend/src/helper/db.ts:24:11\n    at Generator.throw (<anonymous>)\n    at rejected (/home/sudharshan/Desktop/RedAngleSoftware/red-angle-backend/src/helper/db.ts:6:65)\n    at processTicksAndRejections (node:internal/process/task_queues:105:5)","timestamp":"2025-09-20T11:11:14.384Z"}
{"level":"info","message":"Server running ---- from server.ts","timestamp":"2025-09-20T11:12:48.847Z"}
{"level":"info","message":"Controller: Update Employee ID 2","timestamp":"2025-09-20T11:12:56.107Z"}
{"level":"info","message":"Employee updated: ID 2","timestamp":"2025-09-20T11:12:56.249Z"}
{"level":"info","message":"Controller: Get All Employees","timestamp":"2025-09-20T11:12:56.997Z"}
{"level":"info","message":"Fetched all employees: 3","timestamp":"2025-09-20T11:12:57.003Z"}
{"level":"info","message":"Controller: Get All Employees","timestamp":"2025-09-20T11:13:01.464Z"}
{"level":"info","message":"Fetched all employees: 3","timestamp":"2025-09-20T11:13:01.468Z"}
{"level":"info","message":"Controller: Get All Employees","timestamp":"2025-09-20T11:13:03.283Z"}
{"level":"info","message":"Fetched all employees: 3","timestamp":"2025-09-20T11:13:03.291Z"}
{"level":"info","message":"Controller: Get All Employees","timestamp":"2025-09-20T11:13:06.370Z"}
{"level":"info","message":"Fetched all employees: 3","timestamp":"2025-09-20T11:13:06.375Z"}
{"level":"info","message":"Controller: Get All Employees","timestamp":"2025-09-20T11:13:06.384Z"}
{"level":"info","message":"Fetched all employees: 3","timestamp":"2025-09-20T11:13:06.388Z"}
{"level":"info","message":"Controller: Get All Employees","timestamp":"2025-09-20T11:15:06.233Z"}
{"level":"info","message":"Fetched all employees: 3","timestamp":"2025-09-20T11:15:06.298Z"}
{"level":"info","message":"Controller: Delete Employee ID 1","timestamp":"2025-09-20T11:15:17.177Z"}
{"level":"info","message":"Employee soft-deleted: ID 1","timestamp":"2025-09-20T11:15:17.197Z"}
{"level":"info","message":"Controller: Get All Employees","timestamp":"2025-09-20T11:15:17.210Z"}
{"level":"info","message":"Fetched all employees: 2","timestamp":"2025-09-20T11:15:17.214Z"}
{"level":"info","message":"Controller: Get All Employees","timestamp":"2025-09-20T11:15:21.812Z"}
{"level":"info","message":"Fetched all employees: 2","timestamp":"2025-09-20T11:15:21.819Z"}
{"level":"info","message":"Controller: Get All Employees","timestamp":"2025-09-20T11:15:21.832Z"}
{"level":"info","message":"Fetched all employees: 2","timestamp":"2025-09-20T11:15:21.836Z"}
{"level":"info","message":"Controller: Get All Employees","timestamp":"2025-09-20T11:15:24.808Z"}
{"level":"info","message":"Fetched all employees: 2","timestamp":"2025-09-20T11:15:24.810Z"}
{"level":"info","message":"Controller: Update Employee ID 3","timestamp":"2025-09-20T11:15:29.156Z"}
{"level":"info","message":"Employee updated: ID 3","timestamp":"2025-09-20T11:15:29.161Z"}
{"level":"info","message":"Controller: Get All Employees","timestamp":"2025-09-20T11:15:29.674Z"}
{"level":"info","message":"Fetched all employees: 2","timestamp":"2025-09-20T11:15:29.677Z"}
{"level":"info","message":"Controller: Get All Employees","timestamp":"2025-09-20T11:15:29.783Z"}
{"level":"info","message":"Fetched all employees: 2","timestamp":"2025-09-20T11:15:29.785Z"}
{"level":"info","message":"Controller: Get All Employees","timestamp":"2025-09-20T11:15:32.447Z"}
{"level":"info","message":"Fetched all employees: 2","timestamp":"2025-09-20T11:15:32.450Z"}
{"level":"info","message":"Controller: Get All Employees","timestamp":"2025-09-20T11:15:34.376Z"}
{"level":"info","message":"Fetched all employees: 2","timestamp":"2025-09-20T11:15:34.379Z"}
{"level":"info","message":"Controller: Get All Employees","timestamp":"2025-09-20T11:15:37.565Z"}
{"level":"info","message":"Fetched all employees: 2","timestamp":"2025-09-20T11:15:37.567Z"}
{"level":"info","message":"Controller: Get All Employees","timestamp":"2025-09-20T11:15:38.999Z"}
{"level":"info","message":"Fetched all employees: 2","timestamp":"2025-09-20T11:15:39.001Z"}
{"level":"info","message":"Controller: Get All Employees","timestamp":"2025-09-20T11:16:06.446Z"}
{"level":"info","message":"Fetched all employees: 2","timestamp":"2025-09-20T11:16:06.467Z"}
{"level":"info","message":"Controller: Get All Employees","timestamp":"2025-09-20T11:16:06.478Z"}
{"level":"info","message":"Fetched all employees: 2","timestamp":"2025-09-20T11:16:06.481Z"}
